\BOOKMARK [0][-]{section*.1}{List of Figures}{}% 1
\BOOKMARK [0][-]{chapter.1}{Dynamic Neural Array Architecture}{}% 2
\BOOKMARK [1][-]{section.1.1}{The Neuron class file}{chapter.1}% 3
\BOOKMARK [1][-]{section.1.2}{Properties}{chapter.1}% 4
\BOOKMARK [2][-]{subsection.1.2.1}{id}{section.1.2}% 5
\BOOKMARK [2][-]{subsection.1.2.2}{t}{section.1.2}% 6
\BOOKMARK [2][-]{subsection.1.2.3}{u}{section.1.2}% 7
\BOOKMARK [2][-]{subsection.1.2.4}{v}{section.1.2}% 8
\BOOKMARK [2][-]{subsection.1.2.5}{a}{section.1.2}% 9
\BOOKMARK [2][-]{subsection.1.2.6}{aFr}{section.1.2}% 10
\BOOKMARK [2][-]{subsection.1.2.7}{fu}{section.1.2}% 11
\BOOKMARK [2][-]{subsection.1.2.8}{h}{section.1.2}% 12
\BOOKMARK [2][-]{subsection.1.2.9}{hV}{section.1.2}% 13
\BOOKMARK [2][-]{subsection.1.2.10}{hA}{section.1.2}% 14
\BOOKMARK [2][-]{subsection.1.2.11}{tau}{section.1.2}% 15
\BOOKMARK [2][-]{subsection.1.2.12}{tauV}{section.1.2}% 16
\BOOKMARK [2][-]{subsection.1.2.13}{tauA}{section.1.2}% 17
\BOOKMARK [2][-]{subsection.1.2.14}{tauAFr}{section.1.2}% 18
\BOOKMARK [2][-]{subsection.1.2.15}{vCoefficient}{section.1.2}% 19
\BOOKMARK [2][-]{subsection.1.2.16}{aCoefficient}{section.1.2}% 20
\BOOKMARK [2][-]{subsection.1.2.17}{aFrCoefficient}{section.1.2}% 21
\BOOKMARK [2][-]{subsection.1.2.18}{noiseCoefficient}{section.1.2}% 22
\BOOKMARK [2][-]{subsection.1.2.19}{interaction}{section.1.2}% 23
\BOOKMARK [2][-]{subsection.1.2.20}{input}{section.1.2}% 24
\BOOKMARK [2][-]{subsection.1.2.21}{changeDetectionBypassInput}{section.1.2}% 25
\BOOKMARK [1][-]{section.1.3}{Methods}{chapter.1}% 26
\BOOKMARK [2][-]{subsection.1.3.1}{Constructor}{section.1.3}% 27
\BOOKMARK [2][-]{subsection.1.3.2}{step}{section.1.3}% 28
\BOOKMARK [2][-]{subsection.1.3.3}{init}{section.1.3}% 29
\BOOKMARK [2][-]{subsection.1.3.4}{output}{section.1.3}% 30
\BOOKMARK [2][-]{subsection.1.3.5}{addInput}{section.1.3}% 31
\BOOKMARK [2][-]{subsection.1.3.6}{addBypassInput}{section.1.3}% 32
\BOOKMARK [2][-]{subsection.1.3.7}{sum}{section.1.3}% 33
\BOOKMARK [2][-]{subsection.1.3.8}{plot}{section.1.3}% 34
\BOOKMARK [2][-]{subsection.1.3.9}{map}{section.1.3}% 35
\BOOKMARK [2][-]{subsection.1.3.10}{Generative Methods}{section.1.3}% 36
\BOOKMARK [2][-]{subsection.1.3.11}{diagProject}{section.1.3}% 37
\BOOKMARK [1][-]{section.1.4}{Modification Methods}{chapter.1}% 38
\BOOKMARK [2][-]{subsection.1.4.1}{coInhibit}{section.1.4}% 39
\BOOKMARK [2][-]{subsection.1.4.2}{wta}{section.1.4}% 40
\BOOKMARK [2][-]{subsection.1.4.3}{diagProjectBack}{section.1.4}% 41
\BOOKMARK [2][-]{subsection.1.4.4}{setDecreasingRestingLevels}{section.1.4}% 42
\BOOKMARK [1][-]{section.1.5}{Typical Workflow}{chapter.1}% 43
\BOOKMARK [2][-]{subsection.1.5.1}{Constructing neural elements and arrays}{section.1.5}% 44
\BOOKMARK [2][-]{subsection.1.5.2}{Setting Properties}{section.1.5}% 45
\BOOKMARK [2][-]{subsection.1.5.3}{Defining connectivity}{section.1.5}% 46
\BOOKMARK [2][-]{subsection.1.5.4}{Running a simulation}{section.1.5}% 47
\BOOKMARK [2][-]{subsection.1.5.5}{Visualizing outputs}{section.1.5}% 48
